[05:30:08] [ServerMain/INFO]: Environment: Environment[sessionHost=https://sessionserver.mojang.com, servicesHost=https://api.minecraftservices.com, name=PROD]
[05:30:10] [ServerMain/INFO]: Loaded 1337 recipes
[05:30:10] [ServerMain/INFO]: Loaded 1448 advancements
[05:30:11] [Server thread/INFO]: Starting minecraft server version 1.21.3
[05:30:11] [Server thread/INFO]: Loading properties
[05:30:11] [Server thread/INFO]: Default game type: SURVIVAL
[05:30:11] [Server thread/INFO]: Generating keypair
[05:30:11] [Server thread/INFO]: Starting Minecraft server on *:25565
[05:30:11] [Server thread/INFO]: Using epoll channel type
[05:30:11] [Server thread/WARN]: **** SERVER IS RUNNING IN OFFLINE/INSECURE MODE!
[05:30:11] [Server thread/WARN]: The server will make no attempt to authenticate usernames. Beware.
[05:30:11] [Server thread/WARN]: While this makes the game possible to play without internet access, it also opens up the ability for hackers to connect with any username they choose.
[05:30:11] [Server thread/WARN]: To change this, set "online-mode" to "true" in the server.properties file.
[05:30:11] [Server thread/INFO]: Preparing level "world"
[05:30:11] [Server thread/INFO]: Preparing start region for dimension minecraft:overworld
[05:30:14] [Worker-Main-3/INFO]: Preparing spawn area: 0%
[05:30:14] [Worker-Main-3/INFO]: Preparing spawn area: 0%
[05:30:14] [Worker-Main-3/INFO]: Preparing spawn area: 0%
[05:30:14] [Worker-Main-3/INFO]: Preparing spawn area: 0%
[05:30:14] [Worker-Main-3/INFO]: Preparing spawn area: 0%
[05:30:14] [Worker-Main-3/INFO]: Preparing spawn area: 0%
[05:30:14] [Worker-Main-3/INFO]: Preparing spawn area: 0%
[05:30:15] [Worker-Main-3/INFO]: Preparing spawn area: 14%
[05:30:15] [Server thread/INFO]: Time elapsed: 3763 ms
[05:30:15] [Server thread/INFO]: Done (4.067s)! For help, type "help"
[05:30:32] [Server thread/INFO]: edinson123pro[/100.97.231.107:49311] logged in with entity id 8 at (422.230688775439, 70.02442408821369, 2242.2155545385726)
[05:30:32] [Server thread/INFO]: edinson123pro joined the game
[05:30:44] [Server thread/INFO]: DarkJunior[/100.97.31.104:53005] logged in with entity id 408 at (365.7956250492704, 66.0, 2075.7323464105884)
[05:30:44] [Server thread/INFO]: DarkJunior joined the game
[05:34:46] [Server thread/WARN]: UUID of added entity already exists: chy['Bee'/1215, l='ServerLevel[world]', x=329.38, y=125.94, z=1856.80]
[05:34:46] [Server thread/WARN]: UUID of added entity already exists: chy['Bee'/1216, l='ServerLevel[world]', x=351.81, y=110.46, z=1866.33]
[05:34:46] [Server thread/WARN]: UUID of added entity already exists: chy['Bee'/1217, l='ServerLevel[world]', x=345.56, y=117.30, z=1861.25]
[05:34:46] [Server thread/WARN]: UUID of added entity already exists: chy['Bee'/1218, l='ServerLevel[world]', x=344.28, y=118.02, z=1865.83]
[05:34:46] [Server thread/WARN]: UUID of added entity already exists: chy['Bee'/1219, l='ServerLevel[world]', x=361.35, y=88.34, z=1871.99]
[05:39:16] [Server thread/INFO]: edinson123pro lost connection: Disconnected
[05:39:16] [Server thread/INFO]: edinson123pro left the game
[05:39:38] [Server thread/INFO]: DarkJunior lost connection: Disconnected
[05:39:38] [Server thread/INFO]: DarkJunior left the game
